INFO:werkzeug:[31m[1mWARNING: This is a development server. Do not use it in a production deployment. Use a production WSGI server instead.[0m
 * Running on http://127.0.0.1:5000
INFO:werkzeug:[33mPress CTRL+C to quit[0m
INFO:werkzeug: * Restarting with stat
WARNING:werkzeug: * Debugger is active!
INFO:werkzeug: * Debugger PIN: 133-895-863
INFO:werkzeug:[31m[1mWARNING: This is a development server. Do not use it in a production deployment. Use a production WSGI server instead.[0m
 * Running on http://127.0.0.1:5000
INFO:werkzeug:[33mPress CTRL+C to quit[0m
INFO:werkzeug: * Restarting with stat
WARNING:werkzeug: * Debugger is active!
INFO:werkzeug: * Debugger PIN: 133-895-863
INFO:root:Starting debug session for def test_function():
  x = 10
  y = 20
  z = x + y
  print(f"Result: {z}")
  pdb.set_trace()
  return z

test_function()
ERROR:root:Error occured : 
INFO:werkzeug:127.0.0.1 - - [25/Oct/2024 20:02:42] "POST /debug HTTP/1.1" 200 -
